#
# There is insufficient memory for the Java Runtime Environment to continue.
# Native memory allocation (malloc) failed to allocate 784016 bytes for Chunk::new
# Possible reasons:
#   The system is out of physical RAM or swap space
#   In 32 bit mode, the process size limit was hit
# Possible solutions:
#   Reduce memory load on the system
#   Increase physical memory or swap space
#   Check if swap backing store is full
#   Use 64 bit Java on a 64 bit OS
#   Decrease Java heap size (-Xmx/-Xms)
#   Decrease number of Java threads
#   Decrease Java thread stack sizes (-Xss)
#   Set larger code cache with -XX:ReservedCodeCacheSize=
# This output file may be truncated or incomplete.
#
#  Out of Memory Error (allocation.cpp:390), pid=16896, tid=0x0000000000004324
#
# JRE version: Java(TM) SE Runtime Environment (8.0_121-b13) (build 1.8.0_121-b13)
# Java VM: Java HotSpot(TM) 64-Bit Server VM (25.121-b13 mixed mode windows-amd64 compressed oops)
# Failed to write core dump. Minidumps are not enabled by default on client versions of Windows
#

---------------  T H R E A D  ---------------

Current thread (0x0000000019055000):  JavaThread "C2 CompilerThread0" daemon [_thread_in_native, id=17188, stack(0x00000000198f0000,0x00000000199f0000)]

Stack: [0x00000000198f0000,0x00000000199f0000]
[error occurred during error reporting (printing stack bounds), id 0xc0000005]

Native frames: (J=compiled Java code, j=interpreted, Vv=VM code, C=native code)


Current CompileTask:
C2:   4557 2308   !   4       org.eclipse.osgi.internal.loader.classpath.ClasspathManager::defineClass (636 bytes)


---------------  P R O C E S S  ---------------

Java Threads: ( => current thread )
  0x000000001ac0b000 JavaThread "pool-1-thread-1" [_thread_blocked, id=17148, stack(0x000000001c860000,0x000000001c960000)]
  0x000000001ab3b000 JavaThread "Java indexing" daemon [_thread_blocked, id=17080, stack(0x000000001c560000,0x000000001c660000)]
  0x000000001ac32000 JavaThread "Worker-1" [_thread_blocked, id=17056, stack(0x000000001c460000,0x000000001c560000)]
  0x000000001aaec800 JavaThread "Worker-0" [_thread_in_vm, id=17064, stack(0x000000001c160000,0x000000001c260000)]
  0x000000001aaa8000 JavaThread "Worker-JM" [_thread_blocked, id=17072, stack(0x000000001bb60000,0x000000001bc60000)]
  0x000000001a3c8000 JavaThread "Start Level: Equinox Container: c1d3203a-bfe6-40fa-815b-7d1ef5295eb0" daemon [_thread_blocked, id=17068, stack(0x000000001b860000,0x000000001b960000)]
  0x000000001a800800 JavaThread "Framework Event Dispatcher: org.eclipse.osgi.internal.framework.EquinoxEventPublisher@21507a04" daemon [_thread_blocked, id=17112, stack(0x000000001b760000,0x000000001b860000)]
  0x0000000019fa2800 JavaThread "Active Thread: Equinox Container: c1d3203a-bfe6-40fa-815b-7d1ef5295eb0" [_thread_blocked, id=17076, stack(0x000000001b660000,0x000000001b760000)]
  0x00000000190d2800 JavaThread "Service Thread" daemon [_thread_blocked, id=17164, stack(0x0000000019bf0000,0x0000000019cf0000)]
  0x000000001907e000 JavaThread "C1 CompilerThread2" daemon [_thread_blocked, id=17144, stack(0x0000000019af0000,0x0000000019bf0000)]
  0x000000001905f000 JavaThread "C2 CompilerThread1" daemon [_thread_in_native, id=17196, stack(0x00000000199f0000,0x0000000019af0000)]
=>0x0000000019055000 JavaThread "C2 CompilerThread0" daemon [_thread_in_native, id=17188, stack(0x00000000198f0000,0x00000000199f0000)]
  0x0000000019054000 JavaThread "Attach Listener" daemon [_thread_blocked, id=17204, stack(0x00000000197f0000,0x00000000198f0000)]
  0x000000001903e000 JavaThread "Signal Dispatcher" daemon [_thread_blocked, id=17200, stack(0x00000000196f0000,0x00000000197f0000)]
  0x000000001903d800 JavaThread "Surrogate Locker Thread (Concurrent GC)" daemon [_thread_blocked, id=17180, stack(0x00000000195f0000,0x00000000196f0000)]
  0x0000000018fc7800 JavaThread "Finalizer" daemon [_thread_blocked, id=17172, stack(0x00000000194f0000,0x00000000195f0000)]
  0x0000000018fbc000 JavaThread "Reference Handler" daemon [_thread_blocked, id=17208, stack(0x00000000193f0000,0x00000000194f0000)]
  0x00000000033a2800 JavaThread "main" [_thread_in_native, id=17000, stack(0x00000000031f0000,0x00000000032f0000)]

Other Threads:
  0x0000000018fb8800 VMThread [stack: 0x00000000192f0000,0x00000000193f0000] [id=6224]
  0x0000000019101800 WatcherThread [stack: 0x0000000019cf0000,0x0000000019df0000] [id=17192]

VM state:not at safepoint (normal execution)

VM Mutex/Monitor currently owned by a thread: None

Heap:
 garbage-first heap   total 131072K, used 66559K [0x00000000c0000000, 0x00000000c0100400, 0x0000000100000000)
  region size 1024K, 61 young (62464K), 6 survivors (6144K)
 Metaspace       used 26313K, capacity 27782K, committed 28032K, reserved 1073152K
  class space    used 2940K, capacity 3402K, committed 3456K, reserved 1048576K

Heap Regions: (Y=young(eden), SU=young(survivor), HS=humongous(starts), HC=humongous(continues), CS=collection set, F=free, TS=gc time stamp, PTAMS=previous top-at-mark-start, NTAMS=next top-at-mark-start)
AC   0  O    TS     0 PTAMS 0x00000000c0100000 NTAMS 0x00000000c0100000 space 1024K, 100% used [0x00000000c0000000, 0x00000000c0100000)
AC   0  O    TS     0 PTAMS 0x00000000c0200000 NTAMS 0x00000000c0200000 space 1024K, 100% used [0x00000000c0100000, 0x00000000c0200000)
AC   0  O    TS     0 PTAMS 0x00000000c0300000 NTAMS 0x00000000c0300000 space 1024K, 100% used [0x00000000c0200000, 0x00000000c0300000)
AC   0  O    TS     0 PTAMS 0x00000000c0400000 NTAMS 0x00000000c0400000 space 1024K, 100% used [0x00000000c0300000, 0x00000000c0400000)
AC   0  O    TS     0 PTAMS 0x00000000c0500000 NTAMS 0x00000000c0500000 space 1024K, 100% used [0x00000000c0400000, 0x00000000c0500000)
AC   0  F    TS     0 PTAMS 0x00000000c0500000 NTAMS 0x00000000c0500000 space 1024K,   0% used [0x00000000c0500000, 0x00000000c0600000)
AC   0  F    TS     0 PTAMS 0x00000000c0600000 NTAMS 0x00000000c0600000 space 1024K,   0% used [0x00000000c0600000, 0x00000000c0700000)
AC   0  F    TS     0 PTAMS 0x00000000c0700000 NTAMS 0x00000000c0700000 space 1024K,   0% used [0x00000000c0700000, 0x00000000c0800000)
AC   0  F    TS     0 PTAMS 0x00000000c0800000 NTAMS 0x00000000c0800000 space 1024K,   0% used [0x00000000c0800000, 0x00000000c0900000)
AC   0  F    TS     0 PTAMS 0x00000000c0900000 NTAMS 0x00000000c0900000 space 1024K,   0% used [0x00000000c0900000, 0x00000000c0a00000)
AC   0  F    TS     0 PTAMS 0x00000000c0a00000 NTAMS 0x00000000c0a00000 space 1024K,   0% used [0x00000000c0a00000, 0x00000000c0b00000)
AC   0  F    TS     0 PTAMS 0x00000000c0b00000 NTAMS 0x00000000c0b00000 space 1024K,   0% used [0x00000000c0b00000, 0x00000000c0c00000)
AC   0  F    TS     0 PTAMS 0x00000000c0c00000 NTAMS 0x00000000c0c00000 space 1024K,   0% used [0x00000000c0c00000, 0x00000000c0d00000)
AC   0  F    TS     0 PTAMS 0x00000000c0d00000 NTAMS 0x00000000c0d00000 space 1024K,   0% used [0x00000000c0d00000, 0x00000000c0e00000)
AC   0  F    TS     0 PTAMS 0x00000000c0e00000 NTAMS 0x00000000c0e00000 space 1024K,   0% used [0x00000000c0e00000, 0x00000000c0f00000)
AC   0  F    TS     0 PTAMS 0x00000000c0f00000 NTAMS 0x00000000c0f00000 space 1024K,   0% used [0x00000000c0f00000, 0x00000000c1000000)
AC   0  F    TS     0 PTAMS 0x00000000c1000000 NTAMS 0x00000000c1000000 space 1024K,   0% used [0x00000000c1000000, 0x00000000c1100000)
AC   0  F    TS     0 PTAMS 0x00000000c1100000 NTAMS 0x00000000c1100000 space 1024K,   0% used [0x00000000c1100000, 0x00000000c1200000)
AC   0  F    TS     0 PTAMS 0x00000000c1200000 NTAMS 0x00000000c1200000 space 1024K,   0% used [0x00000000c1200000, 0x00000000c1300000)
AC   0  F    TS     0 PTAMS 0x00000000c1300000 NTAMS 0x00000000c1300000 space 1024K,   0% used [0x00000000c1300000, 0x00000000c1400000)
AC   0  F    TS     0 PTAMS 0x00000000c1400000 NTAMS 0x00000000c1400000 space 1024K,   0% used [0x00000000c1400000, 0x00000000c1500000)
AC   0  F    TS     0 PTAMS 0x00000000c1500000 NTAMS 0x00000000c1500000 space 1024K,   0% used [0x00000000c1500000, 0x00000000c1600000)
AC   0  F    TS     0 PTAMS 0x00000000c1600000 NTAMS 0x00000000c1600000 space 1024K,   0% used [0x00000000c1600000, 0x00000000c1700000)
AC   0  F    TS     0 PTAMS 0x00000000c1700000 NTAMS 0x00000000c1700000 space 1024K,   0% used [0x00000000c1700000, 0x00000000c1800000)
AC   0  F    TS     0 PTAMS 0x00000000c1800000 NTAMS 0x00000000c1800000 space 1024K,   0% used [0x00000000c1800000, 0x00000000c1900000)
AC   0  F    TS     0 PTAMS 0x00000000c1900000 NTAMS 0x00000000c1900000 space 1024K,   0% used [0x00000000c1900000, 0x00000000c1a00000)
AC   0  F    TS     0 PTAMS 0x00000000c1a00000 NTAMS 0x00000000c1a00000 space 1024K,   0% used [0x00000000c1a00000, 0x00000000c1b00000)
AC   0  F    TS     0 PTAMS 0x00000000c1b00000 NTAMS 0x00000000c1b00000 space 1024K,   0% used [0x00000000c1b00000, 0x00000000c1c00000)
AC   0  F    TS     0 PTAMS 0x00000000c1c00000 NTAMS 0x00000000c1c00000 space 1024K,   0% used [0x00000000c1c00000, 0x00000000c1d00000)
AC   0  F    TS     0 PTAMS 0x00000000c1d00000 NTAMS 0x00000000c1d00000 space 1024K,   0% used [0x00000000c1d00000, 0x00000000c1e00000)
AC   0  F    TS     0 PTAMS 0x00000000c1e00000 NTAMS 0x00000000c1e00000 space 1024K,   0% used [0x00000000c1e00000, 0x00000000c1f00000)
AC   0  F    TS     0 PTAMS 0x00000000c1f00000 NTAMS 0x00000000c1f00000 space 1024K,   0% used [0x00000000c1f00000, 0x00000000c2000000)
AC   0  F    TS     0 PTAMS 0x00000000c2000000 NTAMS 0x00000000c2000000 space 1024K,   0% used [0x00000000c2000000, 0x00000000c2100000)
AC   0  F    TS     0 PTAMS 0x00000000c2100000 NTAMS 0x00000000c2100000 space 1024K,   0% used [0x00000000c2100000, 0x00000000c2200000)
AC   0  F    TS     0 PTAMS 0x00000000c2200000 NTAMS 0x00000000c2200000 space 1024K,   0% used [0x00000000c2200000, 0x00000000c2300000)
AC   0  F    TS     0 PTAMS 0x00000000c2300000 NTAMS 0x00000000c2300000 space 1024K,   0% used [0x00000000c2300000, 0x00000000c2400000)
AC   0  F    TS     0 PTAMS 0x00000000c2400000 NTAMS 0x00000000c2400000 space 1024K,   0% used [0x00000000c2400000, 0x00000000c2500000)
AC   0  F    TS     0 PTAMS 0x00000000c2500000 NTAMS 0x00000000c2500000 space 1024K,   0% used [0x00000000c2500000, 0x00000000c2600000)
AC   0  F    TS     0 PTAMS 0x00000000c2600000 NTAMS 0x00000000c2600000 space 1024K,   0% used [0x00000000c2600000, 0x00000000c2700000)
AC   0  F    TS     0 PTAMS 0x00000000c2700000 NTAMS 0x00000000c2700000 space 1024K,   0% used [0x00000000c2700000, 0x00000000c2800000)
AC   0  F    TS     0 PTAMS 0x00000000c2800000 NTAMS 0x00000000c2800000 space 1024K,   0% used [0x00000000c2800000, 0x00000000c2900000)
AC   0  F    TS     0 PTAMS 0x00000000c2900000 NTAMS 0x00000000c2900000 space 1024K,   0% used [0x00000000c2900000, 0x00000000c2a00000)
AC   0  F    TS     0 PTAMS 0x00000000c2a00000 NTAMS 0x00000000c2a00000 space 1024K,   0% used [0x00000000c2a00000, 0x00000000c2b00000)
AC   0  F    TS     0 PTAMS 0x00000000c2b00000 NTAMS 0x00000000c2b00000 space 1024K,   0% used [0x00000000c2b00000, 0x00000000c2c00000)
AC   0  F    TS     0 PTAMS 0x00000000c2c00000 NTAMS 0x00000000c2c00000 space 1024K,   0% used [0x00000000c2c00000, 0x00000000c2d00000)
AC   0  F    TS     0 PTAMS 0x00000000c2d00000 NTAMS 0x00000000c2d00000 space 1024K,   0% used [0x00000000c2d00000, 0x00000000c2e00000)
AC   0  F    TS     0 PTAMS 0x00000000c2e00000 NTAMS 0x00000000c2e00000 space 1024K,   0% used [0x00000000c2e00000, 0x00000000c2f00000)
AC   0  F    TS     0 PTAMS 0x00000000c2f00000 NTAMS 0x00000000c2f00000 space 1024K,   0% used [0x00000000c2f00000, 0x00000000c3000000)
AC   0  F    TS     0 PTAMS 0x00000000c3000000 NTAMS 0x00000000c3000000 space 1024K,   0% used [0x00000000c3000000, 0x00000000c3100000)
AC   0  F    TS     0 PTAMS 0x00000000c3100000 NTAMS 0x00000000c3100000 space 1024K,   0% used [0x00000000c3100000, 0x00000000c3200000)
AC   0  F    TS     0 PTAMS 0x00000000c3200000 NTAMS 0x00000000c3200000 space 1024K,   0% used [0x00000000c3200000, 0x00000000c3300000)
AC   0  F    TS     0 PTAMS 0x00000000c3300000 NTAMS 0x00000000c3300000 space 1024K,   0% used [0x00000000c3300000, 0x00000000c3400000)
AC   0  F    TS     0 PTAMS 0x00000000c3400000 NTAMS 0x00000000c3400000 space 1024K,   0% used [0x00000000c3400000, 0x00000000c3500000)
AC   0  F    TS     0 PTAMS 0x00000000c3500000 NTAMS 0x00000000c3500000 space 1024K,   0% used [0x00000000c3500000, 0x00000000c3600000)
AC   0  F    TS     0 PTAMS 0x00000000c3600000 NTAMS 0x00000000c3600000 space 1024K,   0% used [0x00000000c3600000, 0x00000000c3700000)
AC   0  F    TS     0 PTAMS 0x00000000c3700000 NTAMS 0x00000000c3700000 space 1024K,   0% used [0x00000000c3700000, 0x00000000c3800000)
AC   0  F    TS     0 PTAMS 0x00000000c3800000 NTAMS 0x00000000c3800000 space 1024K,   0% used [0x00000000c3800000, 0x00000000c3900000)
AC   0  F    TS     0 PTAMS 0x00000000c3900000 NTAMS 0x00000000c3900000 space 1024K,   0% used [0x00000000c3900000, 0x00000000c3a00000)
AC   0  F    TS     0 PTAMS 0x00000000c3a00000 NTAMS 0x00000000c3a00000 space 1024K,   0% used [0x00000000c3a00000, 0x00000000c3b00000)
AC   0  F    TS     0 PTAMS 0x00000000c3b00000 NTAMS 0x00000000c3b00000 space 1024K,   0% used [0x00000000c3b00000, 0x00000000c3c00000)
AC   0  F    TS     0 PTAMS 0x00000000c3c00000 NTAMS 0x00000000c3c00000 space 1024K,   0% used [0x00000000c3c00000, 0x00000000c3d00000)
AC   0  F    TS     0 PTAMS 0x00000000c3d00000 NTAMS 0x00000000c3d00000 space 1024K,   0% used [0x00000000c3d00000, 0x00000000c3e00000)
AC   0  F    TS     0 PTAMS 0x00000000c3e00000 NTAMS 0x00000000c3e00000 space 1024K,   0% used [0x00000000c3e00000, 0x00000000c3f00000)
AC   0  F    TS     0 PTAMS 0x00000000c3f00000 NTAMS 0x00000000c3f00000 space 1024K,   0% used [0x00000000c3f00000, 0x00000000c4000000)
AC   0  F    TS     0 PTAMS 0x00000000c4000000 NTAMS 0x00000000c4000000 space 1024K,   0% used [0x00000000c4000000, 0x00000000c4100000)
AC   0  F    TS     0 PTAMS 0x00000000c4100000 NTAMS 0x00000000c4100000 space 1024K,   0% used [0x00000000c4100000, 0x00000000c4200000)
AC   0  F    TS     0 PTAMS 0x00000000c4200000 NTAMS 0x00000000c4200000 space 1024K,   0% used [0x00000000c4200000, 0x00000000c4300000)
AC   0  E    TS     0 PTAMS 0x00000000c4300000 NTAMS 0x00000000c4300000 space 1024K,  36% used [0x00000000c4300000, 0x00000000c4400000)
AC   0  E CS TS     0 PTAMS 0x00000000c4400000 NTAMS 0x00000000c4400000 space 1024K, 100% used [0x00000000c4400000, 0x00000000c4500000)
AC   0  E CS TS     0 PTAMS 0x00000000c4500000 NTAMS 0x00000000c4500000 space 1024K, 100% used [0x00000000c4500000, 0x00000000c4600000)
AC   0  E CS TS     0 PTAMS 0x00000000c4600000 NTAMS 0x00000000c4600000 space 1024K, 100% used [0x00000000c4600000, 0x00000000c4700000)
AC   0  E CS TS     0 PTAMS 0x00000000c4700000 NTAMS 0x00000000c4700000 space 1024K, 100% used [0x00000000c4700000, 0x00000000c4800000)
AC   0  E CS TS     0 PTAMS 0x00000000c4800000 NTAMS 0x00000000c4800000 space 1024K, 100% used [0x00000000c4800000, 0x00000000c4900000)
AC   0  E CS TS     0 PTAMS 0x00000000c4900000 NTAMS 0x00000000c4900000 space 1024K, 100% used [0x00000000c4900000, 0x00000000c4a00000)
AC   0  E CS TS     0 PTAMS 0x00000000c4a00000 NTAMS 0x00000000c4a00000 space 1024K, 100% used [0x00000000c4a00000, 0x00000000c4b00000)
AC   0  E CS TS     0 PTAMS 0x00000000c4b00000 NTAMS 0x00000000c4b00000 space 1024K, 100% used [0x00000000c4b00000, 0x00000000c4c00000)
AC   0  E CS TS     0 PTAMS 0x00000000c4c00000 NTAMS 0x00000000c4c00000 space 1024K, 100% used [0x00000000c4c00000, 0x00000000c4d00000)
AC   0  E CS TS     0 PTAMS 0x00000000c4d00000 NTAMS 0x00000000c4d00000 space 1024K, 100% used [0x00000000c4d00000, 0x00000000c4e00000)
AC   0  E CS TS     0 PTAMS 0x00000000c4e00000 NTAMS 0x00000000c4e00000 space 1024K, 100% used [0x00000000c4e00000, 0x00000000c4f00000)
AC   0  E CS TS     0 PTAMS 0x00000000c4f00000 NTAMS 0x00000000c4f00000 space 1024K, 100% used [0x00000000c4f00000, 0x00000000c5000000)
AC   0  E CS TS     0 PTAMS 0x00000000c5000000 NTAMS 0x00000000c5000000 space 1024K, 100% used [0x00000000c5000000, 0x00000000c5100000)
AC   0  E CS TS     0 PTAMS 0x00000000c5100000 NTAMS 0x00000000c5100000 space 1024K, 100% used [0x00000000c5100000, 0x00000000c5200000)
AC   0  E CS TS     0 PTAMS 0x00000000c5200000 NTAMS 0x00000000c5200000 space 1024K, 100% used [0x00000000c5200000, 0x00000000c5300000)
AC   0  E CS TS     0 PTAMS 0x00000000c5300000 NTAMS 0x00000000c5300000 space 1024K, 100% used [0x00000000c5300000, 0x00000000c5400000)
AC   0  E CS TS     0 PTAMS 0x00000000c5400000 NTAMS 0x00000000c5400000 space 1024K, 100% used [0x00000000c5400000, 0x00000000c5500000)
AC   0  E CS TS     0 PTAMS 0x00000000c5500000 NTAMS 0x00000000c5500000 space 1024K, 100% used [0x00000000c5500000, 0x00000000c5600000)
AC   0  E CS TS     0 PTAMS 0x00000000c5600000 NTAMS 0x00000000c5600000 space 1024K, 100% used [0x00000000c5600000, 0x00000000c5700000)
AC   0  E CS TS     0 PTAMS 0x00000000c5700000 NTAMS 0x00000000c5700000 space 1024K, 100% used [0x00000000c5700000, 0x00000000c5800000)
AC   0  E CS TS     0 PTAMS 0x00000000c5800000 NTAMS 0x00000000c5800000 space 1024K, 100% used [0x00000000c5800000, 0x00000000c5900000)
AC   0  E CS TS     0 PTAMS 0x00000000c5900000 NTAMS 0x00000000c5900000 space 1024K, 100% used [0x00000000c5900000, 0x00000000c5a00000)
AC   0  E CS TS     0 PTAMS 0x00000000c5a00000 NTAMS 0x00000000c5a00000 space 1024K, 100% used [0x00000000c5a00000, 0x00000000c5b00000)
AC   0  E CS TS     0 PTAMS 0x00000000c5b00000 NTAMS 0x00000000c5b00000 space 1024K, 100% used [0x00000000c5b00000, 0x00000000c5c00000)
AC   0  E CS TS     0 PTAMS 0x00000000c5c00000 NTAMS 0x00000000c5c00000 space 1024K, 100% used [0x00000000c5c00000, 0x00000000c5d00000)
AC   0  E CS TS     0 PTAMS 0x00000000c5d00000 NTAMS 0x00000000c5d00000 space 1024K, 100% used [0x00000000c5d00000, 0x00000000c5e00000)
AC   0  E CS TS     0 PTAMS 0x00000000c5e00000 NTAMS 0x00000000c5e00000 space 1024K, 100% used [0x00000000c5e00000, 0x00000000c5f00000)
AC   0  E CS TS     0 PTAMS 0x00000000c5f00000 NTAMS 0x00000000c5f00000 space 1024K, 100% used [0x00000000c5f00000, 0x00000000c6000000)
AC   0  E CS TS     0 PTAMS 0x00000000c6000000 NTAMS 0x00000000c6000000 space 1024K, 100% used [0x00000000c6000000, 0x00000000c6100000)
AC   0  E CS TS     0 PTAMS 0x00000000c6100000 NTAMS 0x00000000c6100000 space 1024K, 100% used [0x00000000c6100000, 0x00000000c6200000)
AC   0  E CS TS     0 PTAMS 0x00000000c6200000 NTAMS 0x00000000c6200000 space 1024K, 100% used [0x00000000c6200000, 0x00000000c6300000)
AC   0  E CS TS     0 PTAMS 0x00000000c6300000 NTAMS 0x00000000c6300000 space 1024K, 100% used [0x00000000c6300000, 0x00000000c6400000)
AC   0  E CS TS     0 PTAMS 0x00000000c6400000 NTAMS 0x00000000c6400000 space 1024K, 100% used [0x00000000c6400000, 0x00000000c6500000)
AC   0  E CS TS     0 PTAMS 0x00000000c6500000 NTAMS 0x00000000c6500000 space 1024K, 100% used [0x00000000c6500000, 0x00000000c6600000)
AC   0  E CS TS     0 PTAMS 0x00000000c6600000 NTAMS 0x00000000c6600000 space 1024K, 100% used [0x00000000c6600000, 0x00000000c6700000)
AC   0  E CS TS     0 PTAMS 0x00000000c6700000 NTAMS 0x00000000c6700000 space 1024K, 100% used [0x00000000c6700000, 0x00000000c6800000)
AC   0  E CS TS     0 PTAMS 0x00000000c6800000 NTAMS 0x00000000c6800000 space 1024K, 100% used [0x00000000c6800000, 0x00000000c6900000)
AC   0  E CS TS     0 PTAMS 0x00000000c6900000 NTAMS 0x00000000c6900000 space 1024K, 100% used [0x00000000c6900000, 0x00000000c6a00000)
AC   0  E CS TS     0 PTAMS 0x00000000c6a00000 NTAMS 0x00000000c6a00000 space 1024K, 100% used [0x00000000c6a00000, 0x00000000c6b00000)
AC   0  E CS TS     0 PTAMS 0x00000000c6b00000 NTAMS 0x00000000c6b00000 space 1024K, 100% used [0x00000000c6b00000, 0x00000000c6c00000)
AC   0  E CS TS     0 PTAMS 0x00000000c6c00000 NTAMS 0x00000000c6c00000 space 1024K, 100% used [0x00000000c6c00000, 0x00000000c6d00000)
AC   0  E CS TS     0 PTAMS 0x00000000c6d00000 NTAMS 0x00000000c6d00000 space 1024K, 100% used [0x00000000c6d00000, 0x00000000c6e00000)
AC   0  E CS TS     0 PTAMS 0x00000000c6e00000 NTAMS 0x00000000c6e00000 space 1024K, 100% used [0x00000000c6e00000, 0x00000000c6f00000)
AC   0  E CS TS     0 PTAMS 0x00000000c6f00000 NTAMS 0x00000000c6f00000 space 1024K, 100% used [0x00000000c6f00000, 0x00000000c7000000)
AC   0  S CS TS     0 PTAMS 0x00000000c7000000 NTAMS 0x00000000c7000000 space 1024K,  99% used [0x00000000c7000000, 0x00000000c7100000)
AC   0  S CS TS     0 PTAMS 0x00000000c7100000 NTAMS 0x00000000c7100000 space 1024K, 100% used [0x00000000c7100000, 0x00000000c7200000)
AC   0  S CS TS     0 PTAMS 0x00000000c7200000 NTAMS 0x00000000c7200000 space 1024K, 100% used [0x00000000c7200000, 0x00000000c7300000)
AC   0  S CS TS     0 PTAMS 0x00000000c7300000 NTAMS 0x00000000c7300000 space 1024K, 100% used [0x00000000c7300000, 0x00000000c7400000)
AC   0  S CS TS     0 PTAMS 0x00000000c7400000 NTAMS 0x00000000c7400000 space 1024K, 100% used [0x00000000c7400000, 0x00000000c7500000)
AC   0  S CS TS     0 PTAMS 0x00000000c7500000 NTAMS 0x00000000c7500000 space 1024K, 100% used [0x00000000c7500000, 0x00000000c7600000)
AC   0  E CS TS     0 PTAMS 0x00000000c7600000 NTAMS 0x00000000c7600000 space 1024K, 100% used [0x00000000c7600000, 0x00000000c7700000)
AC   0  E CS TS     0 PTAMS 0x00000000c7700000 NTAMS 0x00000000c7700000 space 1024K, 100% used [0x00000000c7700000, 0x00000000c7800000)
AC   0  E CS TS     0 PTAMS 0x00000000c7800000 NTAMS 0x00000000c7800000 space 1024K, 100% used [0x00000000c7800000, 0x00000000c7900000)
AC   0  E CS TS     0 PTAMS 0x00000000c7900000 NTAMS 0x00000000c7900000 space 1024K, 100% used [0x00000000c7900000, 0x00000000c7a00000)
AC   0  E CS TS     0 PTAMS 0x00000000c7a00000 NTAMS 0x00000000c7a00000 space 1024K, 100% used [0x00000000c7a00000, 0x00000000c7b00000)
AC   0  E CS TS     0 PTAMS 0x00000000c7b00000 NTAMS 0x00000000c7b00000 space 1024K, 100% used [0x00000000c7b00000, 0x00000000c7c00000)
AC   0  E CS TS     0 PTAMS 0x00000000c7c00000 NTAMS 0x00000000c7c00000 space 1024K, 100% used [0x00000000c7c00000, 0x00000000c7d00000)
AC   0  E CS TS     0 PTAMS 0x00000000c7d00000 NTAMS 0x00000000c7d00000 space 1024K, 100% used [0x00000000c7d00000, 0x00000000c7e00000)
AC   0  E CS TS     0 PTAMS 0x00000000c7e00000 NTAMS 0x00000000c7e00000 space 1024K, 100% used [0x00000000c7e00000, 0x00000000c7f00000)
AC   0  E CS TS     0 PTAMS 0x00000000c7f00000 NTAMS 0x00000000c7f00000 space 1024K, 100% used [0x00000000c7f00000, 0x00000000c8000000)

Card table byte_map: [0x00000000139a0000,0x0000000013ba0000] byte_map_base: 0x00000000133a0000

Marking Bits (Prev, Next): (CMBitMap*) 0x00000000033d6970, (CMBitMap*) 0x00000000033d6918
 Prev Bits: [0x0000000014da0000, 0x0000000015da0000)
 Next Bits: [0x0000000013da0000, 0x0000000014da0000)

Polling page: 0x0000000000dc0000

CodeCache: size=245760Kb used=8209Kb max_used=8220Kb free=237551Kb
 bounds [0x00000000034a0000, 0x0000000003cb0000, 0x00000000124a0000]
 total_blobs=2807 nmethods=2334 adapters=385
 compilation: enabled

Compilation events (10 events):
Event: 4.539 Thread 0x000000001907e000 2331       3       java.lang.reflect.Constructor::getDeclaredAnnotations (5 bytes)
Event: 4.540 Thread 0x000000001907e000 nmethod 2331 0x0000000003c9ad50 code [0x0000000003c9af00, 0x0000000003c9b3c8]
Event: 4.540 Thread 0x000000001907e000 2329       3       java.lang.reflect.Constructor::getParameterAnnotations (13 bytes)
Event: 4.540 Thread 0x000000001907e000 nmethod 2329 0x0000000003c88350 code [0x0000000003c884c0, 0x0000000003c886c8]
Event: 4.544 Thread 0x000000001907e000 2333   !   3       com.google.inject.spi.InjectionPoint::forConstructorOf (243 bytes)
Event: 4.550 Thread 0x000000001907e000 nmethod 2333 0x0000000003c9b5d0 code [0x0000000003c9bdc0, 0x0000000003ca1c88]
Event: 4.550 Thread 0x000000001907e000 2334       3       org.eclipse.sisu.wire.DependencyAnalyzer::analyzeDependencies (78 bytes)
Event: 4.551 Thread 0x000000001907e000 nmethod 2334 0x0000000003ca5d10 code [0x0000000003ca5f20, 0x0000000003ca69f8]
Event: 4.551 Thread 0x000000001907e000 2332       3       org.eclipse.sisu.wire.DependencyAnalyzer::analyzeInjectionPoints (47 bytes)
Event: 4.551 Thread 0x000000001907e000 nmethod 2332 0x0000000003ca6e50 code [0x0000000003ca7000, 0x0000000003ca7618]

GC Heap History (8 events):
Event: 1.536 GC heap before
{Heap before GC invocations=0 (full 0):
 garbage-first heap   total 131072K, used 14336K [0x00000000c0000000, 0x00000000c0100400, 0x0000000100000000)
  region size 1024K, 14 young (14336K), 0 survivors (0K)
 Metaspace       used 6439K, capacity 6572K, committed 6656K, reserved 1056768K
  class space    used 674K, capacity 727K, committed 768K, reserved 1048576K
Event: 1.543 GC heap after
Heap after GC invocations=1 (full 0):
 garbage-first heap   total 131072K, used 4138K [0x00000000c0000000, 0x00000000c0100400, 0x0000000100000000)
  region size 1024K, 2 young (2048K), 2 survivors (2048K)
 Metaspace       used 6439K, capacity 6572K, committed 6656K, reserved 1056768K
  class space    used 674K, capacity 727K, committed 768K, reserved 1048576K
}
Event: 1.731 GC heap before
{Heap before GC invocations=1 (full 0):
 garbage-first heap   total 131072K, used 10282K [0x00000000c0000000, 0x00000000c0100400, 0x0000000100000000)
  region size 1024K, 8 young (8192K), 2 survivors (2048K)
 Metaspace       used 7784K, capacity 7922K, committed 8064K, reserved 1056768K
  class space    used 816K, capacity 856K, committed 896K, reserved 1048576K
Event: 1.738 GC heap after
Heap after GC invocations=2 (full 0):
 garbage-first heap   total 131072K, used 7129K [0x00000000c0000000, 0x00000000c0100400, 0x0000000100000000)
  region size 1024K, 1 young (1024K), 1 survivors (1024K)
 Metaspace       used 7784K, capacity 7922K, committed 8064K, reserved 1056768K
  class space    used 816K, capacity 856K, committed 896K, reserved 1048576K
}
Event: 2.864 GC heap before
{Heap before GC invocations=2 (full 0):
 garbage-first heap   total 131072K, used 34777K [0x00000000c0000000, 0x00000000c0100400, 0x0000000100000000)
  region size 1024K, 28 young (28672K), 1 survivors (1024K)
 Metaspace       used 16865K, capacity 17744K, committed 17920K, reserved 1064960K
  class space    used 1685K, capacity 1973K, committed 2048K, reserved 1048576K
Event: 2.875 GC heap after
Heap after GC invocations=3 (full 0):
 garbage-first heap   total 131072K, used 14848K [0x00000000c0000000, 0x00000000c0100400, 0x0000000100000000)
  region size 1024K, 4 young (4096K), 4 survivors (4096K)
 Metaspace       used 16865K, capacity 17744K, committed 17920K, reserved 1064960K
  class space    used 1685K, capacity 1973K, committed 2048K, reserved 1048576K
}
Event: 3.228 GC heap before
{Heap before GC invocations=3 (full 0):
 garbage-first heap   total 131072K, used 24064K [0x00000000c0000000, 0x00000000c0100400, 0x0000000100000000)
  region size 1024K, 14 young (14336K), 4 survivors (4096K)
 Metaspace       used 19861K, capacity 21122K, committed 21248K, reserved 1069056K
  class space    used 2080K, capacity 2463K, committed 2560K, reserved 1048576K
Event: 3.236 GC heap after
Heap after GC invocations=4 (full 0):
 garbage-first heap   total 131072K, used 16896K [0x00000000c0000000, 0x00000000c0100400, 0x0000000100000000)
  region size 1024K, 6 young (6144K), 6 survivors (6144K)
 Metaspace       used 19861K, capacity 21122K, committed 21248K, reserved 1069056K
  class space    used 2080K, capacity 2463K, committed 2560K, reserved 1048576K
}

Deoptimization events (10 events):
Event: 3.024 Thread 0x000000001ac0b000 Uncommon trap: reason=unstable_if action=reinterpret pc=0x0000000003633308 method=sun.nio.cs.UTF_8$Decoder.decode([BII[C)I @ 30
Event: 3.089 Thread 0x000000001ac0b000 Uncommon trap: reason=class_check action=maybe_recompile pc=0x00000000039974ac method=java.lang.Character.toLowerCase(I)I @ 5
Event: 3.089 Thread 0x000000001ac0b000 Uncommon trap: reason=class_check action=maybe_recompile pc=0x00000000039974ac method=java.lang.Character.toLowerCase(I)I @ 5
Event: 3.165 Thread 0x000000001aaec800 Uncommon trap: reason=unstable_if action=reinterpret pc=0x0000000003761e34 method=java.util.jar.Manifest$FastInputStream.peek()B @ 23
Event: 3.476 Thread 0x000000001aaec800 Uncommon trap: reason=unstable_if action=reinterpret pc=0x0000000003a09cdc method=java.util.ArrayList.indexOf(Ljava/lang/Object;)I @ 1
Event: 3.480 Thread 0x000000001aaec800 Uncommon trap: reason=unstable_if action=reinterpret pc=0x0000000003a9be64 method=java.nio.charset.CoderResult.isOverflow()Z @ 5
Event: 3.490 Thread 0x000000001aaec800 Uncommon trap: reason=unstable_if action=reinterpret pc=0x00000000039b85f4 method=java.util.ArrayList.indexOf(Ljava/lang/Object;)I @ 1
Event: 3.535 Thread 0x000000001aaec800 Uncommon trap: reason=unstable_if action=reinterpret pc=0x0000000003aaa4cc method=sun.nio.cs.StreamDecoder.implRead([CII)I @ 197
Event: 3.538 Thread 0x000000001aaec800 Uncommon trap: reason=unstable_if action=reinterpret pc=0x0000000003aa2744 method=sun.nio.cs.StreamDecoder.implRead([CII)I @ 197
Event: 3.593 Thread 0x000000001aaec800 Uncommon trap: reason=unstable_if action=reinterpret pc=0x0000000003ac11c0 method=sun.nio.cs.StreamDecoder.implRead([CII)I @ 197

Internal exceptions (10 events):
Event: 2.903 Thread 0x00000000033a2800 Exception <a 'java/lang/ArrayIndexOutOfBoundsException'> (0x00000000c7f4b818) thrown at [C:\re\workspace\8-2-build-windows-amd64-cygwin\jdk8u121\8372\hotspot\src\share\vm\runtime\sharedRuntime.cpp, line 605]
Event: 2.906 Thread 0x00000000033a2800 Exception <a 'java/lang/ArrayIndexOutOfBoundsException'> (0x00000000c7f5f158) thrown at [C:\re\workspace\8-2-build-windows-amd64-cygwin\jdk8u121\8372\hotspot\src\share\vm\runtime\sharedRuntime.cpp, line 605]
Event: 2.912 Thread 0x00000000033a2800 Exception <a 'java/lang/ArrayIndexOutOfBoundsException'> (0x00000000c7f802f8) thrown at [C:\re\workspace\8-2-build-windows-amd64-cygwin\jdk8u121\8372\hotspot\src\share\vm\runtime\sharedRuntime.cpp, line 605]
Event: 2.914 Thread 0x00000000033a2800 Exception <a 'java/lang/ArrayIndexOutOfBoundsException'> (0x00000000c7e0de78) thrown at [C:\re\workspace\8-2-build-windows-amd64-cygwin\jdk8u121\8372\hotspot\src\share\vm\runtime\sharedRuntime.cpp, line 605]
Event: 2.922 Thread 0x00000000033a2800 Exception <a 'java/lang/ArrayIndexOutOfBoundsException'> (0x00000000c7e565d8) thrown at [C:\re\workspace\8-2-build-windows-amd64-cygwin\jdk8u121\8372\hotspot\src\share\vm\runtime\sharedRuntime.cpp, line 605]
Event: 2.924 Thread 0x00000000033a2800 Exception <a 'java/lang/ArrayIndexOutOfBoundsException': 126> (0x00000000c7e5be10) thrown at [C:\re\workspace\8-2-build-windows-amd64-cygwin\jdk8u121\8372\hotspot\src\share\vm\interpreter\interpreterRuntime.cpp, line 366]
Event: 2.924 Thread 0x00000000033a2800 Exception <a 'java/lang/ArrayIndexOutOfBoundsException': 67> (0x00000000c7e5d530) thrown at [C:\re\workspace\8-2-build-windows-amd64-cygwin\jdk8u121\8372\hotspot\src\share\vm\interpreter\interpreterRuntime.cpp, line 366]
Event: 2.925 Thread 0x00000000033a2800 Exception <a 'java/lang/ArrayIndexOutOfBoundsException': 221> (0x00000000c7e60378) thrown at [C:\re\workspace\8-2-build-windows-amd64-cygwin\jdk8u121\8372\hotspot\src\share\vm\interpreter\interpreterRuntime.cpp, line 366]
Event: 3.084 Thread 0x000000001aaec800 Exception <a 'java/lang/NoClassDefFoundError': org/slf4j/impl/StaticLoggerBinder> (0x00000000c791be28) thrown at [C:\re\workspace\8-2-build-windows-amd64-cygwin\jdk8u121\8372\hotspot\src\share\vm\classfile\systemDictionary.cpp, line 199]
Event: 3.091 Thread 0x000000001aaec800 Exception <a 'java/io/FileNotFoundException'> (0x00000000c79560b8) thrown at [C:\re\workspace\8-2-build-windows-amd64-cygwin\jdk8u121\8372\hotspot\src\share\vm\prims\jni.cpp, line 709]

Events (10 events):
Event: 4.534 loading class org/apache/maven/lifecycle/mapping/DefaultLifecycleMapping$__sisu2
Event: 4.534 loading class org/apache/maven/lifecycle/mapping/DefaultLifecycleMapping$__sisu2 done
Event: 4.538 loading class org/apache/maven/artifact/handler/DefaultArtifactHandler$__sisu9
Event: 4.538 loading class org/apache/maven/artifact/handler/DefaultArtifactHandler$__sisu9 done
Event: 4.539 loading class org/apache/maven/lifecycle/mapping/DefaultLifecycleMapping$__sisu3
Event: 4.539 loading class org/apache/maven/lifecycle/mapping/DefaultLifecycleMapping$__sisu3 done
Event: 4.540 loading class org/apache/maven/lifecycle/Lifecycle$__sisu8
Event: 4.540 loading class org/apache/maven/lifecycle/Lifecycle$__sisu8 done
Event: 4.553 loading class org/apache/maven/artifact/handler/DefaultArtifactHandler$__sisu11
Event: 4.553 loading class org/apache/maven/artifact/handler/DefaultArtifactHandler$__sisu11 done


Dynamic libraries:
0x00007ff6a9c10000 - 0x00007ff6a9c47000 	C:\Program Files\Java\jdk1.8.0_121\bin\java.exe
0x00007ffb07fe0000 - 0x00007ffb081b2000 	C:\WINDOWS\SYSTEM32\ntdll.dll
0x00007ffb064a0000 - 0x00007ffb0654c000 	C:\WINDOWS\System32\KERNEL32.DLL
0x00007ffb05230000 - 0x00007ffb0544d000 	C:\WINDOWS\System32\KERNELBASE.dll
0x00007ffb062d0000 - 0x00007ffb06372000 	C:\WINDOWS\System32\ADVAPI32.dll
0x00007ffb06050000 - 0x00007ffb060ee000 	C:\WINDOWS\System32\msvcrt.dll
0x00007ffb06260000 - 0x00007ffb062b9000 	C:\WINDOWS\System32\sechost.dll
0x00007ffb06130000 - 0x00007ffb06251000 	C:\WINDOWS\System32\RPCRT4.dll
0x00007ffb05a20000 - 0x00007ffb05b85000 	C:\WINDOWS\System32\USER32.dll
0x00007ffb04f90000 - 0x00007ffb04fae000 	C:\WINDOWS\System32\win32u.dll
0x00007ffb060f0000 - 0x00007ffb06124000 	C:\WINDOWS\System32\GDI32.dll
0x00007ffb04fb0000 - 0x00007ffb05130000 	C:\WINDOWS\System32\gdi32full.dll
0x00007ffaf7370000 - 0x00007ffaf75ea000 	C:\WINDOWS\WinSxS\amd64_microsoft.windows.common-controls_6595b64144ccf1df_6.0.14393.953_none_42151e83c686086b\COMCTL32.dll
0x00007ffb05b90000 - 0x00007ffb05e58000 	C:\WINDOWS\System32\combase.dll
0x00007ffb05130000 - 0x00007ffb05225000 	C:\WINDOWS\System32\ucrtbase.dll
0x00007ffb04ba0000 - 0x00007ffb04c0a000 	C:\WINDOWS\System32\bcryptPrimitives.dll
0x00007ffb07f50000 - 0x00007ffb07f7e000 	C:\WINDOWS\System32\IMM32.DLL
0x000000006e6f0000 - 0x000000006e7c2000 	C:\Program Files\Java\jdk1.8.0_121\jre\bin\msvcr100.dll
0x000000006de50000 - 0x000000006e6eb000 	C:\Program Files\Java\jdk1.8.0_121\jre\bin\server\jvm.dll
0x00007ffb05e60000 - 0x00007ffb05e68000 	C:\WINDOWS\System32\PSAPI.DLL
0x00007ffaf79f0000 - 0x00007ffaf79f9000 	C:\WINDOWS\SYSTEM32\WSOCK32.dll
0x00007ffb07ee0000 - 0x00007ffb07f4a000 	C:\WINDOWS\System32\WS2_32.dll
0x00007ffb02340000 - 0x00007ffb02363000 	C:\WINDOWS\SYSTEM32\WINMM.dll
0x00007ffb00fe0000 - 0x00007ffb00fea000 	C:\WINDOWS\SYSTEM32\VERSION.dll
0x00000000011f0000 - 0x000000000121b000 	C:\WINDOWS\SYSTEM32\WINMMBASE.dll
0x00007ffb05450000 - 0x00007ffb05492000 	C:\WINDOWS\System32\cfgmgr32.dll
0x000000006de40000 - 0x000000006de4f000 	C:\Program Files\Java\jdk1.8.0_121\jre\bin\verify.dll
0x000000006de10000 - 0x000000006de39000 	C:\Program Files\Java\jdk1.8.0_121\jre\bin\java.dll
0x000000006ddf0000 - 0x000000006de06000 	C:\Program Files\Java\jdk1.8.0_121\jre\bin\zip.dll
0x00007ffb06720000 - 0x00007ffb07c28000 	C:\WINDOWS\System32\SHELL32.dll
0x00007ffb044c0000 - 0x00007ffb04b9a000 	C:\WINDOWS\System32\windows.storage.dll
0x00007ffb04470000 - 0x00007ffb044bc000 	C:\WINDOWS\System32\powrprof.dll
0x00007ffb07e70000 - 0x00007ffb07ec2000 	C:\WINDOWS\System32\shlwapi.dll
0x00007ffb04460000 - 0x00007ffb0446f000 	C:\WINDOWS\System32\kernel.appcore.dll
0x00007ffb04ee0000 - 0x00007ffb04f89000 	C:\WINDOWS\System32\shcore.dll
0x00007ffb04430000 - 0x00007ffb04444000 	C:\WINDOWS\System32\profapi.dll
0x00007ffb03ea0000 - 0x00007ffb03eb7000 	C:\WINDOWS\SYSTEM32\CRYPTSP.dll
0x00007ffb03900000 - 0x00007ffb03933000 	C:\WINDOWS\system32\rsaenh.dll
0x00007ffb04370000 - 0x00007ffb0439b000 	C:\WINDOWS\SYSTEM32\bcrypt.dll
0x00007ffb03b80000 - 0x00007ffb03b9f000 	C:\WINDOWS\SYSTEM32\USERENV.dll
0x00007ffb03ec0000 - 0x00007ffb03ecb000 	C:\WINDOWS\SYSTEM32\CRYPTBASE.dll
0x000000006ddd0000 - 0x000000006ddea000 	C:\Program Files\Java\jdk1.8.0_121\jre\bin\net.dll
0x00007ffb03d00000 - 0x00007ffb03d5c000 	C:\WINDOWS\system32\mswsock.dll
0x00007ffb03a80000 - 0x00007ffb03ab8000 	C:\WINDOWS\SYSTEM32\IPHLPAPI.DLL
0x00007ffb062c0000 - 0x00007ffb062c8000 	C:\WINDOWS\System32\NSI.dll
0x00007ffafdce0000 - 0x00007ffafdcf6000 	C:\WINDOWS\SYSTEM32\dhcpcsvc6.DLL
0x00007ffafdcc0000 - 0x00007ffafdcda000 	C:\WINDOWS\SYSTEM32\dhcpcsvc.DLL
0x000000006ddb0000 - 0x000000006ddc1000 	C:\Program Files\Java\jdk1.8.0_121\jre\bin\nio.dll
0x0000000072000000 - 0x0000000072012000 	C:\Users\js\.vscode\extensions\redhat.java-0.9.0\server\config_win\org.eclipse.equinox.launcher\org.eclipse.equinox.launcher.win32.win32.x86_64_1.1.500.v20170531-1133\eclipse_1624.dll

VM Arguments:
jvm_args: -Declipse.application=org.eclipse.jdt.ls.core.id1 -Dosgi.bundles.defaultStartLevel=4 -Declipse.product=org.eclipse.jdt.ls.core.product -Xverify:none -Xmx1G -XX:+UseG1GC -XX:+UseStringDeduplication 
java_command: C:\Users\js\.vscode\extensions\redhat.java-0.9.0\server\plugins\org.eclipse.equinox.launcher_1.4.0.v20161219-1356.jar -configuration C:\Users\js\.vscode\extensions\redhat.java-0.9.0\server\config_win -data C:\Users\js\AppData\Roaming\Code\User\workspaceStorage\01d27b998e069535a7888ff09524b607\redhat.java\jdt_ws
java_class_path (initial): C:\Users\js\.vscode\extensions\redhat.java-0.9.0\server\plugins\org.eclipse.equinox.launcher_1.4.0.v20161219-1356.jar
Launcher Type: SUN_STANDARD

Environment Variables:
JAVA_HOME=C:\Program Files\Java\jdk1.8.0_121
PATH=C:\ProgramData\Oracle\Java\javapath;C:\Program Files\Java\jdk1.8.0_121\bin;C:\Program Files\Microsoft SQL Server\120\DTS\Binn\;C:\Program Files\Microsoft SQL Server\Client SDK\ODBC\110\Tools\Binn\;C:\Program Files (x86)\Microsoft SQL Server\120\Tools\Binn\;C:\Program Files\Microsoft SQL Server\120\Tools\Binn\;C:\Program Files (x86)\Microsoft SQL Server\120\Tools\Binn\ManagementStudio\;C:\Program Files (x86)\Microsoft SQL Server\120\DTS\Binn\;D:\AOMEI Backupper 2.1;C:\WINDOWS\system32;C:\WINDOWS;C:\WINDOWS\System32\Wbem;C:\WINDOWS\System32\WindowsPowerShell\v1.0\;C:\Program Files\nodejs\;C:\Program Files\Git\cmd;D:\AppServ\Apache2.2\bin;D:\AppServ\php5;D:\AppServ\MySQL\bin;C:\Users\js\AppData\Local\Microsoft\WindowsApps;C:\Users\js\AppData\Roaming\npm;K:\Users\js\AppServ\Apache2.2\bin;K:\Users\js\AppServ\php5;K:\Users\js\AppServ\MySQL\bin;K:\Microsoft VS Code\bin;k:\AppServ\Apache24\bin;k:\AppServ\php5;k:\AppServ\MySQL\bin
USERNAME=js
OS=Windows_NT
PROCESSOR_IDENTIFIER=Intel64 Family 6 Model 60 Stepping 3, GenuineIntel



---------------  S Y S T E M  ---------------

OS: Windows 10.0 , 64 bit Build 14393 (10.0.14393.1198)

CPU:total 4 (2 cores per cpu, 2 threads per core) family 6 model 60 stepping 3, cmov, cx8, fxsr, mmx, sse, sse2, sse3, ssse3, sse4.1, sse4.2, popcnt, avx, avx2, aes, clmul, erms, lzcnt, ht, tsc, tscinvbit, bmi1, bmi2

Memory: 4k page, physical 8302956k(915436k free), swap 14795832k(3340k free)

vm_info: Java HotSpot(TM) 64-Bit Server VM (25.121-b13) for windows-amd64 JRE (1.8.0_121-b13), built on Dec 12 2016 18:21:36 by "java_re" with MS VC++ 10.0 (VS2010)

time: Thu Sep 07 15:54:06 2017
elapsed time: 4 seconds (0d 0h 0m 4s)

